<?xml version="1.0" encoding="UTF-8"?>
<!-- Generated by org.testng.reporters.JUnitXMLReporter -->
<testsuite ignored="0" hostname="DESKTOP-CCST7D2" failures="0" tests="12" name="Default test" time="32.84" errors="0" timestamp="2023-05-12T17:42:30 EET">
  <testcase classname="TestCasesClass" name="CheckHotelsSearchTabNotSelected" time="0.102"/>
  <testcase classname="TestCasesClass" name="Check_The_Departure_Date" time="0.058"/>
  <testcase classname="TestCasesClass" name="Check_The_Return_Date" time="0.047"/>
  <testcase classname="TestCasesClass" name="RandomCheckTheWebsiteLanguage" time="2.406"/>
  <testcase classname="TestCasesClass" name="RandomCheckTheWebsiteLanguage" time="1.658"/>
  <testcase classname="TestCasesClass" name="RandomCheckTheWebsiteLanguage" time="1.516"/>
  <testcase classname="TestCasesClass" name="Test_The_Hotel_Tab" time="1.902"/>
  <testcase classname="TestCasesClass" name="Test_The_Hotel_Tab" time="1.77"/>
  <testcase classname="TestCasesClass" name="Test_The_Hotel_Tab" time="1.867"/>
  <testcase classname="TestCasesClass" name="Test_The_Hotel_Tab" time="2.063"/>
  <testcase classname="TestCasesClass" name="Test_The_Hotel_Tab" time="2.071"/>
  <testcase classname="TestCasesClass" name="Test_The_Hotel_Tab" time="1.81"/>
</testsuite> <!-- Default test -->
