<?xml version="1.0" encoding="UTF-8"?>
<testng-results ignored="0" total="12" passed="12" failed="0" skipped="0">
  <reporter-output>
  </reporter-output>
  <suite started-at="2023-05-12T17:41:57 EET" name="Default suite" finished-at="2023-05-12T17:42:30 EET" duration-ms="32840">
    <groups>
    </groups>
    <test started-at="2023-05-12T17:41:57 EET" name="Default test" finished-at="2023-05-12T17:42:30 EET" duration-ms="32840">
      <class name="TestCasesClass">
        <test-method is-config="true" signature="PreTest()[pri:0, instance:TestCasesClass@99a65d3]" started-at="2023-05-12T17:41:57 EET" name="PreTest" finished-at="2023-05-12T17:42:13 EET" duration-ms="15474" status="PASS">
          <reporter-output>
          </reporter-output>
        </test-method> <!-- PreTest -->
        <test-method signature="CheckHotelsSearchTabNotSelected()[pri:0, instance:TestCasesClass@99a65d3]" started-at="2023-05-12T17:42:13 EET" name="CheckHotelsSearchTabNotSelected" description="Test Number 2.5" finished-at="2023-05-12T17:42:13 EET" duration-ms="102" status="PASS">
          <reporter-output>
          </reporter-output>
        </test-method> <!-- CheckHotelsSearchTabNotSelected -->
        <test-method signature="Check_The_Departure_Date()[pri:0, instance:TestCasesClass@99a65d3]" started-at="2023-05-12T17:42:13 EET" name="Check_The_Departure_Date" description="Test Number 2.6" finished-at="2023-05-12T17:42:13 EET" duration-ms="58" status="PASS">
          <reporter-output>
          </reporter-output>
        </test-method> <!-- Check_The_Departure_Date -->
        <test-method signature="Check_The_Return_Date()[pri:0, instance:TestCasesClass@99a65d3]" started-at="2023-05-12T17:42:13 EET" name="Check_The_Return_Date" description="Test Number 2.7" finished-at="2023-05-12T17:42:13 EET" duration-ms="47" status="PASS">
          <reporter-output>
          </reporter-output>
        </test-method> <!-- Check_The_Return_Date -->
        <test-method signature="RandomCheckTheWebsiteLanguage()[pri:0, instance:TestCasesClass@99a65d3]" started-at="2023-05-12T17:42:13 EET" name="RandomCheckTheWebsiteLanguage" description="Test Number 3" finished-at="2023-05-12T17:42:16 EET" duration-ms="2406" status="PASS">
          <reporter-output>
          </reporter-output>
        </test-method> <!-- RandomCheckTheWebsiteLanguage -->
        <test-method signature="RandomCheckTheWebsiteLanguage()[pri:0, instance:TestCasesClass@99a65d3]" started-at="2023-05-12T17:42:16 EET" name="RandomCheckTheWebsiteLanguage" description="Test Number 3" finished-at="2023-05-12T17:42:17 EET" duration-ms="1658" status="PASS">
          <reporter-output>
          </reporter-output>
        </test-method> <!-- RandomCheckTheWebsiteLanguage -->
        <test-method signature="RandomCheckTheWebsiteLanguage()[pri:0, instance:TestCasesClass@99a65d3]" started-at="2023-05-12T17:42:17 EET" name="RandomCheckTheWebsiteLanguage" description="Test Number 3" finished-at="2023-05-12T17:42:19 EET" duration-ms="1516" status="PASS">
          <reporter-output>
          </reporter-output>
        </test-method> <!-- RandomCheckTheWebsiteLanguage -->
        <test-method signature="Test_The_Hotel_Tab()[pri:0, instance:TestCasesClass@99a65d3]" started-at="2023-05-12T17:42:19 EET" name="Test_The_Hotel_Tab" description="Test Number 4" finished-at="2023-05-12T17:42:21 EET" duration-ms="1902" status="PASS">
          <reporter-output>
          </reporter-output>
        </test-method> <!-- Test_The_Hotel_Tab -->
        <test-method signature="Test_The_Hotel_Tab()[pri:0, instance:TestCasesClass@99a65d3]" started-at="2023-05-12T17:42:21 EET" name="Test_The_Hotel_Tab" description="Test Number 4" finished-at="2023-05-12T17:42:22 EET" duration-ms="1770" status="PASS">
          <reporter-output>
          </reporter-output>
        </test-method> <!-- Test_The_Hotel_Tab -->
        <test-method signature="Test_The_Hotel_Tab()[pri:0, instance:TestCasesClass@99a65d3]" started-at="2023-05-12T17:42:22 EET" name="Test_The_Hotel_Tab" description="Test Number 4" finished-at="2023-05-12T17:42:24 EET" duration-ms="1867" status="PASS">
          <reporter-output>
          </reporter-output>
        </test-method> <!-- Test_The_Hotel_Tab -->
        <test-method signature="Test_The_Hotel_Tab()[pri:0, instance:TestCasesClass@99a65d3]" started-at="2023-05-12T17:42:24 EET" name="Test_The_Hotel_Tab" description="Test Number 4" finished-at="2023-05-12T17:42:26 EET" duration-ms="2063" status="PASS">
          <reporter-output>
          </reporter-output>
        </test-method> <!-- Test_The_Hotel_Tab -->
        <test-method signature="Test_The_Hotel_Tab()[pri:0, instance:TestCasesClass@99a65d3]" started-at="2023-05-12T17:42:26 EET" name="Test_The_Hotel_Tab" description="Test Number 4" finished-at="2023-05-12T17:42:28 EET" duration-ms="2071" status="PASS">
          <reporter-output>
          </reporter-output>
        </test-method> <!-- Test_The_Hotel_Tab -->
        <test-method signature="Test_The_Hotel_Tab()[pri:0, instance:TestCasesClass@99a65d3]" started-at="2023-05-12T17:42:28 EET" name="Test_The_Hotel_Tab" description="Test Number 4" finished-at="2023-05-12T17:42:30 EET" duration-ms="1810" status="PASS">
          <reporter-output>
          </reporter-output>
        </test-method> <!-- Test_The_Hotel_Tab -->
        <test-method is-config="true" signature="AfterTest()[pri:0, instance:TestCasesClass@99a65d3]" started-at="2023-05-12T17:42:30 EET" name="AfterTest" finished-at="2023-05-12T17:42:30 EET" duration-ms="1" status="PASS">
          <reporter-output>
          </reporter-output>
        </test-method> <!-- AfterTest -->
      </class> <!-- TestCasesClass -->
    </test> <!-- Default test -->
  </suite> <!-- Default suite -->
</testng-results>
